<?xml version="1.0" encoding="UTF-8"?>
<!-- Generated by org.testng.reporters.JUnitXMLReporter -->
<testsuite ignored="0" hostname="PRATIK" failures="0" tests="3" name="Test" time="124.585" errors="0" timestamp="2023-07-08T13:45:39 IST">
  <testcase classname="MagnetoFramework.Luma.tests.Account2" name="AccountCreation" time="21.992"/>
  <testcase classname="MagnetoFramework.Luma.tests.Signin2" name="Signin" time="21.44"/>
  <testcase classname="MagnetoFramework.Luma.tests.AddToCart2" name="AccountCreation" time="81.056"/>
</testsuite> <!-- Test -->
